
> defu@6.1.3 test:types /Users/aleksandarivanov/tue/masterProject/projects/defu/testingVersion
> tsc --noEmit

test/defu.test.ts(13,26): error TS2554: Expected 1 arguments, but got 0.
test/defu.test.ts(19,27): error TS2554: Expected 1 arguments, but got 0.
test/defu.test.ts(23,27): error TS2554: Expected 1 arguments, but got 0.
test/defu.test.ts(31,26): error TS2554: Expected 1 arguments, but got 0.
test/defu.test.ts(47,26): error TS2554: Expected 1 arguments, but got 0.
test/defu.test.ts(56,26): error TS2554: Expected 1 arguments, but got 0.
test/defu.test.ts(61,7): error TS2578: Unused '@ts-expect-error' directive.
test/defu.test.ts(68,7): error TS2578: Unused '@ts-expect-error' directive.
test/defu.test.ts(80,40): error TS2344: Type '{ a: string | number; b: string | number; c?: number | undefined; }' does not satisfy the constraint '{ a: string | number; c: "Expected: number, Actual: never" | "Expected: undefined, Actual: never"; b: string | number; }'.
  Types of property 'c' are incompatible.
    Type 'number | undefined' is not assignable to type '"Expected: number, Actual: never" | "Expected: undefined, Actual: never"'.
      Type 'undefined' is not assignable to type '"Expected: number, Actual: never" | "Expected: undefined, Actual: never"'.
test/defu.test.ts(95,5): error TS2578: Unused '@ts-expect-error' directive.
test/defu.test.ts(117,19): error TS7006: Parameter 'val' implicitly has an 'any' type.
test/defu.test.ts(117,37): error TS7006: Parameter 'i' implicitly has an 'any' type.
 ELIFECYCLE  Command failed with exit code 2.
